<?xml version="1.0" encoding="UTF-8"?>
<testsuite name="Tests" tests="1" skipped="0" failures="0" errors="0" timestamp="2021-12-10T13:57:01" hostname="KAORI" time="3.771">
  <properties/>
  <testcase name="start" classname="Tests" time="3.771"/>
  <system-out><![CDATA[?[1;31m
Start test 1?[0m

  .   ____          _            __ _ _
 /\\ / ___'_ __ _ _(_)_ __  __ _ \ \ \ \
( ( )\___ | '_ | '_| | '_ \/ _` | \ \ \ \
 \\/  ___)| |_)| | | | | || (_| |  ) ) ) )
  '  |____| .__|_| |_|_| |_\__, | / / / /
 =========|_|==============|___/=/_/_/_/
 :: Spring Boot ::        (v2.3.1.RELEASE)

2021-12-10 13:57:02.087  INFO 19680 --- [    Test worker] task.Main                                : Starting Main on Kaori with PID 19680 (started by alexr in C:\Users\alexr\dev\hyperskill\Code Sharing Platform\Topics\Getting data from REST\Retrieving specific task)
2021-12-10 13:57:02.103  INFO 19680 --- [    Test worker] task.Main                                : No active profile set, falling back to default profiles: default
2021-12-10 13:57:03.618  INFO 19680 --- [    Test worker] o.s.b.w.embedded.tomcat.TomcatWebServer  : Tomcat initialized with port(s): 28852 (http)
2021-12-10 13:57:03.618  INFO 19680 --- [    Test worker] o.apache.catalina.core.StandardService   : Starting service [Tomcat]
2021-12-10 13:57:03.618  INFO 19680 --- [    Test worker] org.apache.catalina.core.StandardEngine  : Starting Servlet engine: [Apache Tomcat/9.0.36]
2021-12-10 13:57:03.743  INFO 19680 --- [    Test worker] o.a.c.c.C.[Tomcat].[localhost].[/]       : Initializing Spring embedded WebApplicationContext
2021-12-10 13:57:03.743  INFO 19680 --- [    Test worker] w.s.c.ServletWebServerApplicationContext : Root WebApplicationContext: initialization completed in 1593 ms
2021-12-10 13:57:04.056  INFO 19680 --- [    Test worker] o.s.s.concurrent.ThreadPoolTaskExecutor  : Initializing ExecutorService 'applicationTaskExecutor'
2021-12-10 13:57:04.477  INFO 19680 --- [    Test worker] o.s.b.a.e.web.EndpointLinksResolver      : Exposing 14 endpoint(s) beneath base path '/actuator'
2021-12-10 13:57:04.540  INFO 19680 --- [    Test worker] o.s.b.w.embedded.tomcat.TomcatWebServer  : Tomcat started on port(s): 28852 (http) with context path ''
2021-12-10 13:57:04.555  INFO 19680 --- [    Test worker] task.Main                                : Started Main in 2.921 seconds (JVM running for 3.824)
2021-12-10 13:57:04.946  INFO 19680 --- [io-28852-exec-1] o.a.c.c.C.[Tomcat].[localhost].[/]       : Initializing Spring DispatcherServlet 'dispatcherServlet'
2021-12-10 13:57:04.946  INFO 19680 --- [io-28852-exec-1] o.s.web.servlet.DispatcherServlet        : Initializing Servlet 'dispatcherServlet'
2021-12-10 13:57:04.962  INFO 19680 --- [io-28852-exec-1] o.s.web.servlet.DispatcherServlet        : Completed initialization in 16 ms
?[1;31m
Start test 2?[0m
?[1;31m
Start test 3?[0m
?[1;31m
Start test 4?[0m
?[1;31m
Start test 5?[0m
]]></system-out>
  <system-err><![CDATA[]]></system-err>
</testsuite>
